<?xml version="1.0" encoding="UTF-8"?>
<!-- Generated by org.testng.reporters.JUnitReportReporter -->
<testsuite hostname="DESKTOP-JI9MKJU" failures="0" tests="1" name="com.demoblaze.testlayer.BuyFuctionalityWithoutLogin" time="19.328" errors="0" timestamp="2023-01-24T00:10:34 IST" skipped="0">
  <testcase classname="com.demoblaze.testlayer.BuyFuctionalityWithoutLogin" name="varify_Buying_FunctionalityWithLogin" time="19.328"/>
  <system-out/>
</testsuite> <!-- com.demoblaze.testlayer.BuyFuctionalityWithoutLogin -->
