<?xml version="1.0" encoding="UTF-8"?>
<!-- Generated by org.testng.reporters.JUnitReportReporter -->
<testsuite hostname="DESKTOP-JI9MKJU" failures="0" tests="2" name="com.demoblaze.testlayer.BuyFuctionalityTest" time="30.415" errors="0" timestamp="2023-01-27T23:56:36 IST" skipped="0">
  <testcase classname="com.demoblaze.testlayer.BuyFuctionalityTest" name="varify_Buying_FunctionalityWithLogin" time="16.963"/>
  <system-out/>
  <testcase classname="com.demoblaze.testlayer.BuyFuctionalityTest" name="varify_Buying_FunctionalityWithoutLogin" time="13.452"/>
  <system-out/>
</testsuite> <!-- com.demoblaze.testlayer.BuyFuctionalityTest -->
